2016-03-08 10:46:30 [::1][-][e6bfgm1covv5r73ttpb3noi884][error][yii\base\ErrorException:32] exception 'yii\base\ErrorException' with message 'PHP Startup: Unable to load dynamic library '/usr/lib/php/extensions/no-debug-non-zts-20121212/gd.so' - dlopen(/usr/lib/php/extensions/no-debug-non-zts-20121212/gd.so, 9): image not found' in Unknown:0
Stack trace:
#0 [internal function]: yii\base\ErrorHandler->handleFatalError()
#1 {main}
2016-03-08 10:46:29 [::1][-][e6bfgm1covv5r73ttpb3noi884][info][application] $_COOKIE = [
    '_identity' => '51f116a86ce82c57696aba2f1b5297c12de53765baa8a3f0251f73e044567ae4a:2:{i:0;s:9:\"_identity\";i:1;s:46:\"[1,\"wq6FlOY1ZsioNc2FGU01PubMORGIuf5X\",2592000]\";}'
]

$_SESSION = [
    '__flash' => []
]

$_SERVER = [
    'HTTP_HOST' => 'localhost'
    'HTTP_CONNECTION' => 'keep-alive'
    'HTTP_ACCEPT' => 'text/html,application/xhtml+xml,application/xml;q=0.9,image/webp,*/*;q=0.8'
    'HTTP_UPGRADE_INSECURE_REQUESTS' => '1'
    'HTTP_USER_AGENT' => 'Mozilla/5.0 (Macintosh; Intel Mac OS X 10_11_3) AppleWebKit/537.36 (KHTML, like Gecko) Chrome/48.0.2564.116 Safari/537.36'
    'HTTP_ACCEPT_ENCODING' => 'gzip, deflate, sdch'
    'HTTP_ACCEPT_LANGUAGE' => 'en-US,en;q=0.8,ms;q=0.6,id;q=0.4'
    'HTTP_COOKIE' => '_identity=51f116a86ce82c57696aba2f1b5297c12de53765baa8a3f0251f73e044567ae4a%3A2%3A%7Bi%3A0%3Bs%3A9%3A%22_identity%22%3Bi%3A1%3Bs%3A46%3A%22%5B1%2C%22wq6FlOY1ZsioNc2FGU01PubMORGIuf5X%22%2C2592000%5D%22%3B%7D'
    'PATH' => '/usr/bin:/bin:/usr/sbin:/sbin'
    'SERVER_SIGNATURE' => ''
    'SERVER_SOFTWARE' => 'Apache/2.4.16 (Unix) PHP/5.5.30'
    'SERVER_NAME' => 'localhost'
    'SERVER_ADDR' => '::1'
    'SERVER_PORT' => '80'
    'REMOTE_ADDR' => '::1'
    'DOCUMENT_ROOT' => '/Library/WebServer/Documents'
    'REQUEST_SCHEME' => 'http'
    'CONTEXT_PREFIX' => ''
    'CONTEXT_DOCUMENT_ROOT' => '/Library/WebServer/Documents'
    'SERVER_ADMIN' => 'you@example.com'
    'SCRIPT_FILENAME' => '/Library/WebServer/Documents/advanced/frontend/web/index.php'
    'REMOTE_PORT' => '65388'
    'GATEWAY_INTERFACE' => 'CGI/1.1'
    'SERVER_PROTOCOL' => 'HTTP/1.1'
    'REQUEST_METHOD' => 'GET'
    'QUERY_STRING' => ''
    'REQUEST_URI' => '/advanced/frontend/web/'
    'SCRIPT_NAME' => '/advanced/frontend/web/index.php'
    'PHP_SELF' => '/advanced/frontend/web/index.php'
    'REQUEST_TIME_FLOAT' => 1457405189.653
    'REQUEST_TIME' => 1457405189
]
2016-03-08 10:47:16 [::1][-][e6bfgm1covv5r73ttpb3noi884][error][yii\base\ErrorException:32] exception 'yii\base\ErrorException' with message 'PHP Startup: Unable to load dynamic library '/usr/lib/php/extensions/no-debug-non-zts-20121212/gd.so' - dlopen(/usr/lib/php/extensions/no-debug-non-zts-20121212/gd.so, 9): image not found' in Unknown:0
Stack trace:
#0 [internal function]: yii\base\ErrorHandler->handleFatalError()
#1 {main}
2016-03-08 10:47:16 [::1][-][e6bfgm1covv5r73ttpb3noi884][info][application] $_GET = [
    'r' => 'site/about'
]

$_COOKIE = [
    '_identity' => '51f116a86ce82c57696aba2f1b5297c12de53765baa8a3f0251f73e044567ae4a:2:{i:0;s:9:\"_identity\";i:1;s:46:\"[1,\"wq6FlOY1ZsioNc2FGU01PubMORGIuf5X\",2592000]\";}'
    'PHPSESSID' => 'e6bfgm1covv5r73ttpb3noi884'
    '_csrf' => 'e89c6730acd4c4f572168dc7b45033ce9d60a32ba81fa3187ce2a53c6ef3e04da:2:{i:0;s:5:\"_csrf\";i:1;s:32:\"KJZjtAxYQLDWw7O-NPOGG1wNUfy7BOG9\";}'
]

$_SESSION = [
    '__flash' => []
]

$_SERVER = [
    'HTTP_HOST' => 'localhost'
    'HTTP_CONNECTION' => 'keep-alive'
    'HTTP_ACCEPT' => 'text/html,application/xhtml+xml,application/xml;q=0.9,image/webp,*/*;q=0.8'
    'HTTP_UPGRADE_INSECURE_REQUESTS' => '1'
    'HTTP_USER_AGENT' => 'Mozilla/5.0 (Macintosh; Intel Mac OS X 10_11_3) AppleWebKit/537.36 (KHTML, like Gecko) Chrome/48.0.2564.116 Safari/537.36'
    'HTTP_REFERER' => 'http://localhost/advanced/frontend/web/'
    'HTTP_ACCEPT_ENCODING' => 'gzip, deflate, sdch'
    'HTTP_ACCEPT_LANGUAGE' => 'en-US,en;q=0.8,ms;q=0.6,id;q=0.4'
    'HTTP_COOKIE' => '_identity=51f116a86ce82c57696aba2f1b5297c12de53765baa8a3f0251f73e044567ae4a%3A2%3A%7Bi%3A0%3Bs%3A9%3A%22_identity%22%3Bi%3A1%3Bs%3A46%3A%22%5B1%2C%22wq6FlOY1ZsioNc2FGU01PubMORGIuf5X%22%2C2592000%5D%22%3B%7D; PHPSESSID=e6bfgm1covv5r73ttpb3noi884; _csrf=e89c6730acd4c4f572168dc7b45033ce9d60a32ba81fa3187ce2a53c6ef3e04da%3A2%3A%7Bi%3A0%3Bs%3A5%3A%22_csrf%22%3Bi%3A1%3Bs%3A32%3A%22KJZjtAxYQLDWw7O-NPOGG1wNUfy7BOG9%22%3B%7D'
    'PATH' => '/usr/bin:/bin:/usr/sbin:/sbin'
    'SERVER_SIGNATURE' => ''
    'SERVER_SOFTWARE' => 'Apache/2.4.16 (Unix) PHP/5.5.30'
    'SERVER_NAME' => 'localhost'
    'SERVER_ADDR' => '::1'
    'SERVER_PORT' => '80'
    'REMOTE_ADDR' => '::1'
    'DOCUMENT_ROOT' => '/Library/WebServer/Documents'
    'REQUEST_SCHEME' => 'http'
    'CONTEXT_PREFIX' => ''
    'CONTEXT_DOCUMENT_ROOT' => '/Library/WebServer/Documents'
    'SERVER_ADMIN' => 'you@example.com'
    'SCRIPT_FILENAME' => '/Library/WebServer/Documents/advanced/frontend/web/index.php'
    'REMOTE_PORT' => '49555'
    'GATEWAY_INTERFACE' => 'CGI/1.1'
    'SERVER_PROTOCOL' => 'HTTP/1.1'
    'REQUEST_METHOD' => 'GET'
    'QUERY_STRING' => 'r=site%2Fabout'
    'REQUEST_URI' => '/advanced/frontend/web/index.php?r=site%2Fabout'
    'SCRIPT_NAME' => '/advanced/frontend/web/index.php'
    'PHP_SELF' => '/advanced/frontend/web/index.php'
    'REQUEST_TIME_FLOAT' => 1457405235.999
    'REQUEST_TIME' => 1457405235
]
2016-03-08 10:47:18 [::1][-][-][error][yii\base\InvalidConfigException] exception 'yii\base\InvalidConfigException' with message 'Either GD PHP extension with FreeType support or ImageMagick PHP extension with PNG support is required.' in /Library/WebServer/Documents/advanced/vendor/yiisoft/yii2/captcha/Captcha.php:180
Stack trace:
#0 /Library/WebServer/Documents/advanced/vendor/yiisoft/yii2/captcha/Captcha.php(94): yii\captcha\Captcha::checkRequirements()
#1 /Library/WebServer/Documents/advanced/vendor/yiisoft/yii2/base/Object.php(107): yii\captcha\Captcha->init()
#2 [internal function]: yii\base\Object->__construct(Array)
#3 /Library/WebServer/Documents/advanced/vendor/yiisoft/yii2/di/Container.php(372): ReflectionClass->newInstanceArgs(Array)
#4 /Library/WebServer/Documents/advanced/vendor/yiisoft/yii2/di/Container.php(151): yii\di\Container->build('yii\\captcha\\Cap...', Array, Array)
#5 /Library/WebServer/Documents/advanced/vendor/yiisoft/yii2/BaseYii.php(344): yii\di\Container->get('yii\\captcha\\Cap...', Array, Array)
#6 /Library/WebServer/Documents/advanced/vendor/yiisoft/yii2/base/Widget.php(96): yii\BaseYii::createObject(Array)
#7 /Library/WebServer/Documents/advanced/vendor/yiisoft/yii2/widgets/ActiveField.php(665): yii\base\Widget::widget(Array)
#8 /Library/WebServer/Documents/advanced/frontend/views/site/contact.php(29): yii\widgets\ActiveField->widget('yii\\captcha\\Cap...', Array)
#9 /Library/WebServer/Documents/advanced/vendor/yiisoft/yii2/base/View.php(325): require('/Library/WebSer...')
#10 /Library/WebServer/Documents/advanced/vendor/yiisoft/yii2/base/View.php(247): yii\base\View->renderPhpFile('/Library/WebSer...', Array)
#11 /Library/WebServer/Documents/advanced/vendor/yiisoft/yii2/base/View.php(149): yii\base\View->renderFile('/Library/WebSer...', Array, Object(frontend\controllers\SiteController))
#12 /Library/WebServer/Documents/advanced/vendor/yiisoft/yii2/base/Controller.php(371): yii\base\View->render('contact', Array, Object(frontend\controllers\SiteController))
#13 /Library/WebServer/Documents/advanced/frontend/controllers/SiteController.php(110): yii\base\Controller->render('contact', Array)
#14 [internal function]: frontend\controllers\SiteController->actionContact()
#15 /Library/WebServer/Documents/advanced/vendor/yiisoft/yii2/base/InlineAction.php(55): call_user_func_array(Array, Array)
#16 /Library/WebServer/Documents/advanced/vendor/yiisoft/yii2/base/Controller.php(151): yii\base\InlineAction->runWithParams(Array)
#17 /Library/WebServer/Documents/advanced/vendor/yiisoft/yii2/base/Module.php(455): yii\base\Controller->runAction('contact', Array)
#18 /Library/WebServer/Documents/advanced/vendor/yiisoft/yii2/web/Application.php(84): yii\base\Module->runAction('site/contact', Array)
#19 /Library/WebServer/Documents/advanced/vendor/yiisoft/yii2/base/Application.php(375): yii\web\Application->handleRequest(Object(yii\web\Request))
#20 /Library/WebServer/Documents/advanced/frontend/web/index.php(18): yii\base\Application->run()
#21 {main}
2016-03-08 10:47:18 [::1][-][-][info][application] $_GET = [
    'r' => 'site/contact'
]

$_COOKIE = [
    '_identity' => '51f116a86ce82c57696aba2f1b5297c12de53765baa8a3f0251f73e044567ae4a:2:{i:0;s:9:\"_identity\";i:1;s:46:\"[1,\"wq6FlOY1ZsioNc2FGU01PubMORGIuf5X\",2592000]\";}'
    'PHPSESSID' => 'e6bfgm1covv5r73ttpb3noi884'
    '_csrf' => 'e89c6730acd4c4f572168dc7b45033ce9d60a32ba81fa3187ce2a53c6ef3e04da:2:{i:0;s:5:\"_csrf\";i:1;s:32:\"KJZjtAxYQLDWw7O-NPOGG1wNUfy7BOG9\";}'
]

$_SERVER = [
    'HTTP_HOST' => 'localhost'
    'HTTP_CONNECTION' => 'keep-alive'
    'HTTP_ACCEPT' => 'text/html,application/xhtml+xml,application/xml;q=0.9,image/webp,*/*;q=0.8'
    'HTTP_UPGRADE_INSECURE_REQUESTS' => '1'
    'HTTP_USER_AGENT' => 'Mozilla/5.0 (Macintosh; Intel Mac OS X 10_11_3) AppleWebKit/537.36 (KHTML, like Gecko) Chrome/48.0.2564.116 Safari/537.36'
    'HTTP_REFERER' => 'http://localhost/advanced/frontend/web/index.php?r=site%2Fabout'
    'HTTP_ACCEPT_ENCODING' => 'gzip, deflate, sdch'
    'HTTP_ACCEPT_LANGUAGE' => 'en-US,en;q=0.8,ms;q=0.6,id;q=0.4'
    'HTTP_COOKIE' => '_identity=51f116a86ce82c57696aba2f1b5297c12de53765baa8a3f0251f73e044567ae4a%3A2%3A%7Bi%3A0%3Bs%3A9%3A%22_identity%22%3Bi%3A1%3Bs%3A46%3A%22%5B1%2C%22wq6FlOY1ZsioNc2FGU01PubMORGIuf5X%22%2C2592000%5D%22%3B%7D; PHPSESSID=e6bfgm1covv5r73ttpb3noi884; _csrf=e89c6730acd4c4f572168dc7b45033ce9d60a32ba81fa3187ce2a53c6ef3e04da%3A2%3A%7Bi%3A0%3Bs%3A5%3A%22_csrf%22%3Bi%3A1%3Bs%3A32%3A%22KJZjtAxYQLDWw7O-NPOGG1wNUfy7BOG9%22%3B%7D'
    'PATH' => '/usr/bin:/bin:/usr/sbin:/sbin'
    'SERVER_SIGNATURE' => ''
    'SERVER_SOFTWARE' => 'Apache/2.4.16 (Unix) PHP/5.5.30'
    'SERVER_NAME' => 'localhost'
    'SERVER_ADDR' => '::1'
    'SERVER_PORT' => '80'
    'REMOTE_ADDR' => '::1'
    'DOCUMENT_ROOT' => '/Library/WebServer/Documents'
    'REQUEST_SCHEME' => 'http'
    'CONTEXT_PREFIX' => ''
    'CONTEXT_DOCUMENT_ROOT' => '/Library/WebServer/Documents'
    'SERVER_ADMIN' => 'you@example.com'
    'SCRIPT_FILENAME' => '/Library/WebServer/Documents/advanced/frontend/web/index.php'
    'REMOTE_PORT' => '49555'
    'GATEWAY_INTERFACE' => 'CGI/1.1'
    'SERVER_PROTOCOL' => 'HTTP/1.1'
    'REQUEST_METHOD' => 'GET'
    'QUERY_STRING' => 'r=site%2Fcontact'
    'REQUEST_URI' => '/advanced/frontend/web/index.php?r=site%2Fcontact'
    'SCRIPT_NAME' => '/advanced/frontend/web/index.php'
    'PHP_SELF' => '/advanced/frontend/web/index.php'
    'REQUEST_TIME_FLOAT' => 1457405238.66
    'REQUEST_TIME' => 1457405238
]
2016-03-10 18:07:23 [::1][-][-][error][yii\base\InvalidConfigException] exception 'yii\base\InvalidConfigException' with message 'Either GD PHP extension with FreeType support or ImageMagick PHP extension with PNG support is required.' in /Library/WebServer/Documents/advanced/vendor/yiisoft/yii2/captcha/Captcha.php:180
Stack trace:
#0 /Library/WebServer/Documents/advanced/vendor/yiisoft/yii2/captcha/Captcha.php(94): yii\captcha\Captcha::checkRequirements()
#1 /Library/WebServer/Documents/advanced/vendor/yiisoft/yii2/base/Object.php(107): yii\captcha\Captcha->init()
#2 [internal function]: yii\base\Object->__construct(Array)
#3 /Library/WebServer/Documents/advanced/vendor/yiisoft/yii2/di/Container.php(372): ReflectionClass->newInstanceArgs(Array)
#4 /Library/WebServer/Documents/advanced/vendor/yiisoft/yii2/di/Container.php(151): yii\di\Container->build('yii\\captcha\\Cap...', Array, Array)
#5 /Library/WebServer/Documents/advanced/vendor/yiisoft/yii2/BaseYii.php(344): yii\di\Container->get('yii\\captcha\\Cap...', Array, Array)
#6 /Library/WebServer/Documents/advanced/vendor/yiisoft/yii2/base/Widget.php(96): yii\BaseYii::createObject(Array)
#7 /Library/WebServer/Documents/advanced/vendor/yiisoft/yii2/widgets/ActiveField.php(665): yii\base\Widget::widget(Array)
#8 /Library/WebServer/Documents/advanced/frontend/views/site/contact.php(29): yii\widgets\ActiveField->widget('yii\\captcha\\Cap...', Array)
#9 /Library/WebServer/Documents/advanced/vendor/yiisoft/yii2/base/View.php(325): require('/Library/WebSer...')
#10 /Library/WebServer/Documents/advanced/vendor/yiisoft/yii2/base/View.php(247): yii\base\View->renderPhpFile('/Library/WebSer...', Array)
#11 /Library/WebServer/Documents/advanced/vendor/yiisoft/yii2/base/View.php(149): yii\base\View->renderFile('/Library/WebSer...', Array, Object(frontend\controllers\SiteController))
#12 /Library/WebServer/Documents/advanced/vendor/yiisoft/yii2/base/Controller.php(371): yii\base\View->render('contact', Array, Object(frontend\controllers\SiteController))
#13 /Library/WebServer/Documents/advanced/frontend/controllers/SiteController.php(110): yii\base\Controller->render('contact', Array)
#14 [internal function]: frontend\controllers\SiteController->actionContact()
#15 /Library/WebServer/Documents/advanced/vendor/yiisoft/yii2/base/InlineAction.php(55): call_user_func_array(Array, Array)
#16 /Library/WebServer/Documents/advanced/vendor/yiisoft/yii2/base/Controller.php(151): yii\base\InlineAction->runWithParams(Array)
#17 /Library/WebServer/Documents/advanced/vendor/yiisoft/yii2/base/Module.php(455): yii\base\Controller->runAction('contact', Array)
#18 /Library/WebServer/Documents/advanced/vendor/yiisoft/yii2/web/Application.php(84): yii\base\Module->runAction('site/contact', Array)
#19 /Library/WebServer/Documents/advanced/vendor/yiisoft/yii2/base/Application.php(375): yii\web\Application->handleRequest(Object(yii\web\Request))
#20 /Library/WebServer/Documents/advanced/frontend/web/index.php(18): yii\base\Application->run()
#21 {main}
2016-03-10 18:07:23 [::1][-][-][info][application] $_GET = [
    'r' => 'site/contact'
]

$_COOKIE = [
    'PHPSESSID' => '86fe75oeijqvhatdrfrhhic1f2'
    '_csrf' => 'bd3e0b5ed67bd64da082b37359325560f9d611d0fdc9d8d2121df98ea28d380ea:2:{i:0;s:5:\"_csrf\";i:1;s:32:\"p3YMfT9RhBP1i2-f0P7TSfMzxXJ1rTDq\";}'
]

$_SERVER = [
    'HTTP_HOST' => 'localhost'
    'HTTP_CONNECTION' => 'keep-alive'
    'HTTP_ACCEPT' => 'text/html,application/xhtml+xml,application/xml;q=0.9,image/webp,*/*;q=0.8'
    'HTTP_UPGRADE_INSECURE_REQUESTS' => '1'
    'HTTP_USER_AGENT' => 'Mozilla/5.0 (Macintosh; Intel Mac OS X 10_11_3) AppleWebKit/537.36 (KHTML, like Gecko) Chrome/48.0.2564.116 Safari/537.36'
    'HTTP_REFERER' => 'http://localhost/advanced/frontend/web/index.php?r=site%2Flogin'
    'HTTP_ACCEPT_ENCODING' => 'gzip, deflate, sdch'
    'HTTP_ACCEPT_LANGUAGE' => 'en-US,en;q=0.8,ms;q=0.6,id;q=0.4'
    'HTTP_COOKIE' => 'PHPSESSID=86fe75oeijqvhatdrfrhhic1f2; _csrf=bd3e0b5ed67bd64da082b37359325560f9d611d0fdc9d8d2121df98ea28d380ea%3A2%3A%7Bi%3A0%3Bs%3A5%3A%22_csrf%22%3Bi%3A1%3Bs%3A32%3A%22p3YMfT9RhBP1i2-f0P7TSfMzxXJ1rTDq%22%3B%7D'
    'PATH' => '/usr/bin:/bin:/usr/sbin:/sbin'
    'SERVER_SIGNATURE' => ''
    'SERVER_SOFTWARE' => 'Apache/2.4.16 (Unix) PHP/5.5.30'
    'SERVER_NAME' => 'localhost'
    'SERVER_ADDR' => '::1'
    'SERVER_PORT' => '80'
    'REMOTE_ADDR' => '::1'
    'DOCUMENT_ROOT' => '/Library/WebServer/Documents'
    'REQUEST_SCHEME' => 'http'
    'CONTEXT_PREFIX' => ''
    'CONTEXT_DOCUMENT_ROOT' => '/Library/WebServer/Documents'
    'SERVER_ADMIN' => 'you@example.com'
    'SCRIPT_FILENAME' => '/Library/WebServer/Documents/advanced/frontend/web/index.php'
    'REMOTE_PORT' => '50458'
    'GATEWAY_INTERFACE' => 'CGI/1.1'
    'SERVER_PROTOCOL' => 'HTTP/1.1'
    'REQUEST_METHOD' => 'GET'
    'QUERY_STRING' => 'r=site%2Fcontact'
    'REQUEST_URI' => '/advanced/frontend/web/index.php?r=site%2Fcontact'
    'SCRIPT_NAME' => '/advanced/frontend/web/index.php'
    'PHP_SELF' => '/advanced/frontend/web/index.php'
    'REQUEST_TIME_FLOAT' => 1457604443.622
    'REQUEST_TIME' => 1457604443
]
2016-03-10 18:08:14 [::1][-][-][error][yii\base\ErrorException:8] exception 'yii\base\ErrorException' with message 'Undefined variable: form' in /Library/WebServer/Documents/advanced/frontend/views/site/signup.php:16
Stack trace:
#0 /Library/WebServer/Documents/advanced/frontend/views/site/signup.php(16): yii\base\ErrorHandler->handleError(8, 'Undefined varia...', '/Library/WebSer...', 16, Array)
#1 /Library/WebServer/Documents/advanced/vendor/yiisoft/yii2/base/View.php(325): require('/Library/WebSer...')
#2 /Library/WebServer/Documents/advanced/vendor/yiisoft/yii2/base/View.php(247): yii\base\View->renderPhpFile('/Library/WebSer...', Array)
#3 /Library/WebServer/Documents/advanced/vendor/yiisoft/yii2/base/View.php(149): yii\base\View->renderFile('/Library/WebSer...', Array, Object(frontend\controllers\SiteController))
#4 /Library/WebServer/Documents/advanced/vendor/yiisoft/yii2/base/Controller.php(371): yii\base\View->render('signup', Array, Object(frontend\controllers\SiteController))
#5 /Library/WebServer/Documents/advanced/frontend/controllers/SiteController.php(132): yii\base\Controller->render('signup', Array)
#6 [internal function]: frontend\controllers\SiteController->actionSignup()
#7 /Library/WebServer/Documents/advanced/vendor/yiisoft/yii2/base/InlineAction.php(55): call_user_func_array(Array, Array)
#8 /Library/WebServer/Documents/advanced/vendor/yiisoft/yii2/base/Controller.php(151): yii\base\InlineAction->runWithParams(Array)
#9 /Library/WebServer/Documents/advanced/vendor/yiisoft/yii2/base/Module.php(455): yii\base\Controller->runAction('signup', Array)
#10 /Library/WebServer/Documents/advanced/vendor/yiisoft/yii2/web/Application.php(84): yii\base\Module->runAction('site/signup', Array)
#11 /Library/WebServer/Documents/advanced/vendor/yiisoft/yii2/base/Application.php(375): yii\web\Application->handleRequest(Object(yii\web\Request))
#12 /Library/WebServer/Documents/advanced/frontend/web/index.php(18): yii\base\Application->run()
#13 {main}
2016-03-10 18:08:14 [::1][-][-][info][application] $_GET = [
    'r' => 'site/signup'
]

$_COOKIE = [
    'PHPSESSID' => '86fe75oeijqvhatdrfrhhic1f2'
    '_csrf' => 'bd3e0b5ed67bd64da082b37359325560f9d611d0fdc9d8d2121df98ea28d380ea:2:{i:0;s:5:\"_csrf\";i:1;s:32:\"p3YMfT9RhBP1i2-f0P7TSfMzxXJ1rTDq\";}'
]

$_SESSION = [
    '__flash' => []
    '__returnUrl' => '/advanced/backend/web/index.php'
]

$_SERVER = [
    'HTTP_HOST' => 'localhost'
    'HTTP_CONNECTION' => 'keep-alive'
    'HTTP_CACHE_CONTROL' => 'max-age=0'
    'HTTP_ACCEPT' => 'text/html,application/xhtml+xml,application/xml;q=0.9,image/webp,*/*;q=0.8'
    'HTTP_UPGRADE_INSECURE_REQUESTS' => '1'
    'HTTP_USER_AGENT' => 'Mozilla/5.0 (Macintosh; Intel Mac OS X 10_11_3) AppleWebKit/537.36 (KHTML, like Gecko) Chrome/48.0.2564.116 Safari/537.36'
    'HTTP_REFERER' => 'http://localhost/advanced/frontend/web/index.php?r=site%2Flogin'
    'HTTP_ACCEPT_ENCODING' => 'gzip, deflate, sdch'
    'HTTP_ACCEPT_LANGUAGE' => 'en-US,en;q=0.8,ms;q=0.6,id;q=0.4'
    'HTTP_COOKIE' => 'PHPSESSID=86fe75oeijqvhatdrfrhhic1f2; _csrf=bd3e0b5ed67bd64da082b37359325560f9d611d0fdc9d8d2121df98ea28d380ea%3A2%3A%7Bi%3A0%3Bs%3A5%3A%22_csrf%22%3Bi%3A1%3Bs%3A32%3A%22p3YMfT9RhBP1i2-f0P7TSfMzxXJ1rTDq%22%3B%7D'
    'PATH' => '/usr/bin:/bin:/usr/sbin:/sbin'
    'SERVER_SIGNATURE' => ''
    'SERVER_SOFTWARE' => 'Apache/2.4.16 (Unix) PHP/5.5.30'
    'SERVER_NAME' => 'localhost'
    'SERVER_ADDR' => '::1'
    'SERVER_PORT' => '80'
    'REMOTE_ADDR' => '::1'
    'DOCUMENT_ROOT' => '/Library/WebServer/Documents'
    'REQUEST_SCHEME' => 'http'
    'CONTEXT_PREFIX' => ''
    'CONTEXT_DOCUMENT_ROOT' => '/Library/WebServer/Documents'
    'SERVER_ADMIN' => 'you@example.com'
    'SCRIPT_FILENAME' => '/Library/WebServer/Documents/advanced/frontend/web/index.php'
    'REMOTE_PORT' => '51127'
    'GATEWAY_INTERFACE' => 'CGI/1.1'
    'SERVER_PROTOCOL' => 'HTTP/1.1'
    'REQUEST_METHOD' => 'GET'
    'QUERY_STRING' => 'r=site%2Fsignup'
    'REQUEST_URI' => '/advanced/frontend/web/index.php?r=site%2Fsignup'
    'SCRIPT_NAME' => '/advanced/frontend/web/index.php'
    'PHP_SELF' => '/advanced/frontend/web/index.php'
    'REQUEST_TIME_FLOAT' => 1457604494.034
    'REQUEST_TIME' => 1457604494
]
2016-04-11 09:15:46 [127.0.0.1][1][-][error][yii\web\HttpException:404] exception 'yii\base\InvalidRouteException' with message 'Unable to resolve the request "kds-isu/index".' in /var/www/html/cdsb/vendor/yiisoft/yii2/base/Module.php:461
Stack trace:
#0 /var/www/html/cdsb/vendor/yiisoft/yii2/web/Application.php(84): yii\base\Module->runAction('kds-isu/index', Array)
#1 /var/www/html/cdsb/vendor/yiisoft/yii2/base/Application.php(375): yii\web\Application->handleRequest(Object(yii\web\Request))
#2 /var/www/html/cdsb/frontend/web/index.php(18): yii\base\Application->run()
#3 {main}

Next exception 'yii\web\NotFoundHttpException' with message 'Page not found.' in /var/www/html/cdsb/vendor/yiisoft/yii2/web/Application.php:96
Stack trace:
#0 /var/www/html/cdsb/vendor/yiisoft/yii2/base/Application.php(375): yii\web\Application->handleRequest(Object(yii\web\Request))
#1 /var/www/html/cdsb/frontend/web/index.php(18): yii\base\Application->run()
#2 {main}
2016-04-11 09:15:46 [127.0.0.1][1][-][info][application] $_GET = [
    'r' => 'kds-isu/index'
]

$_COOKIE = [
    'PHPSESSID' => 'buvqdp39v8u8qa2au2v0k58ck1'
    '_identity' => '652cd789e822a4f7e30011b7fa192b7b5ea942bb90a30a378d826e307ac254c7a:2:{i:0;s:9:\"_identity\";i:1;s:46:\"[1,\"wq6FlOY1ZsioNc2FGU01PubMORGIuf5X\",2592000]\";}'
    '_csrf' => '547fab883d61d4af718fcd0e6704b2c89a3d94f2c7c447763bd131fd44cf0f38a:2:{i:0;s:5:\"_csrf\";i:1;s:32:\"HqwBKi0yEcuTvAefOHaoP3fU2yaNgOa2\";}'
]

$_SESSION = [
    '__flash' => []
    '__returnUrl' => '/kds/backend/web/index.php'
    '__id' => 1
]

$_SERVER = [
    'HTTP_HOST' => 'localhost'
    'HTTP_CONNECTION' => 'keep-alive'
    'HTTP_ACCEPT' => 'text/html,application/xhtml+xml,application/xml;q=0.9,image/webp,*/*;q=0.8'
    'HTTP_UPGRADE_INSECURE_REQUESTS' => '1'
    'HTTP_USER_AGENT' => 'Mozilla/5.0 (X11; Linux x86_64) AppleWebKit/537.36 (KHTML, like Gecko) Chrome/49.0.2623.112 Safari/537.36'
    'HTTP_ACCEPT_ENCODING' => 'gzip, deflate, sdch'
    'HTTP_ACCEPT_LANGUAGE' => 'en-US,en;q=0.8'
    'HTTP_COOKIE' => 'PHPSESSID=buvqdp39v8u8qa2au2v0k58ck1; _identity=652cd789e822a4f7e30011b7fa192b7b5ea942bb90a30a378d826e307ac254c7a%3A2%3A%7Bi%3A0%3Bs%3A9%3A%22_identity%22%3Bi%3A1%3Bs%3A46%3A%22%5B1%2C%22wq6FlOY1ZsioNc2FGU01PubMORGIuf5X%22%2C2592000%5D%22%3B%7D; _csrf=547fab883d61d4af718fcd0e6704b2c89a3d94f2c7c447763bd131fd44cf0f38a%3A2%3A%7Bi%3A0%3Bs%3A5%3A%22_csrf%22%3Bi%3A1%3Bs%3A32%3A%22HqwBKi0yEcuTvAefOHaoP3fU2yaNgOa2%22%3B%7D'
    'PATH' => '/usr/local/sbin:/usr/local/bin:/usr/sbin:/usr/bin:/sbin:/bin'
    'SERVER_SIGNATURE' => '<address>Apache/2.4.7 (Ubuntu) Server at localhost Port 80</address>
'
    'SERVER_SOFTWARE' => 'Apache/2.4.7 (Ubuntu)'
    'SERVER_NAME' => 'localhost'
    'SERVER_ADDR' => '127.0.0.1'
    'SERVER_PORT' => '80'
    'REMOTE_ADDR' => '127.0.0.1'
    'DOCUMENT_ROOT' => '/var/www/html'
    'REQUEST_SCHEME' => 'http'
    'CONTEXT_PREFIX' => ''
    'CONTEXT_DOCUMENT_ROOT' => '/var/www/html'
    'SERVER_ADMIN' => 'webmaster@localhost'
    'SCRIPT_FILENAME' => '/var/www/html/cdsb/frontend/web/index.php'
    'REMOTE_PORT' => '47757'
    'GATEWAY_INTERFACE' => 'CGI/1.1'
    'SERVER_PROTOCOL' => 'HTTP/1.1'
    'REQUEST_METHOD' => 'GET'
    'QUERY_STRING' => 'r=kds-isu%2Findex'
    'REQUEST_URI' => '/cdsb/frontend/web/index.php?r=kds-isu%2Findex'
    'SCRIPT_NAME' => '/cdsb/frontend/web/index.php'
    'PHP_SELF' => '/cdsb/frontend/web/index.php'
    'REQUEST_TIME_FLOAT' => 1460366146.182
    'REQUEST_TIME' => 1460366146
]
